Using pre-set license
Built from '2021.3/staging' branch; Version is '2021.3.22f1 (b6c551784ba3) revision 11978065'; Using compiler version '192829333'; Build Type 'Release'
OS: 'Windows 10  (10.0.19044) 64bit Core' Language: 'en' Physical Memory: 8158 MB
BatchMode: 1, IsHumanControllingUs: 0, StartBugReporterOnCrash: 0, Is64bit: 1, IsPro: 1

COMMAND LINE ARGUMENTS:
D:\2021.3.22f1\Editor\Unity.exe
-adb2
-batchMode
-noUpm
-name
AssetImportWorker492
-projectPath
D:/HELLOI/Game-Project/CSAGAMEOG
-logFile
Logs/AssetImportWorker492.log
-srvPort
64889
Successfully changed project path to: D:/HELLOI/Game-Project/CSAGAMEOG
D:/HELLOI/Game-Project/CSAGAMEOG
[UnityMemory] Configuration Parameters - Can be set up in boot.config
    "memorysetup-bucket-allocator-granularity=16"
    "memorysetup-bucket-allocator-bucket-count=8"
    "memorysetup-bucket-allocator-block-size=33554432"
    "memorysetup-bucket-allocator-block-count=8"
    "memorysetup-main-allocator-block-size=16777216"
    "memorysetup-thread-allocator-block-size=16777216"
    "memorysetup-gfx-main-allocator-block-size=16777216"
    "memorysetup-gfx-thread-allocator-block-size=16777216"
    "memorysetup-cache-allocator-block-size=4194304"
    "memorysetup-typetree-allocator-block-size=2097152"
    "memorysetup-profiler-bucket-allocator-granularity=16"
    "memorysetup-profiler-bucket-allocator-bucket-count=8"
    "memorysetup-profiler-bucket-allocator-block-size=33554432"
    "memorysetup-profiler-bucket-allocator-block-count=8"
    "memorysetup-profiler-allocator-block-size=16777216"
    "memorysetup-profiler-editor-allocator-block-size=1048576"
    "memorysetup-temp-allocator-size-main=16777216"
    "memorysetup-job-temp-allocator-block-size=2097152"
    "memorysetup-job-temp-allocator-block-size-background=1048576"
    "memorysetup-job-temp-allocator-reduction-small-platforms=262144"
    "memorysetup-temp-allocator-size-background-worker=32768"
    "memorysetup-temp-allocator-size-job-worker=262144"
    "memorysetup-temp-allocator-size-preload-manager=33554432"
    "memorysetup-temp-allocator-size-nav-mesh-worker=65536"
    "memorysetup-temp-allocator-size-audio-worker=65536"
    "memorysetup-temp-allocator-size-cloud-worker=32768"
    "memorysetup-temp-allocator-size-gi-baking-worker=262144"
    "memorysetup-temp-allocator-size-gfx=262144"
Player connection [21560] Host "[IP] 192.168.1.24 [Port] 0 [Flags] 2 [Guid] 6572494 [EditorId] 6572494 [Version] 1048832 [Id] WindowsEditor(7,DESKTOP-MDB38EJ) [Debug] 1 [PackageName] WindowsEditor [ProjectName] Editor" joined multi-casting on [225.0.0.222:54997]...

Player connection [21560] Host "[IP] 192.168.1.24 [Port] 0 [Flags] 2 [Guid] 6572494 [EditorId] 6572494 [Version] 1048832 [Id] WindowsEditor(7,DESKTOP-MDB38EJ) [Debug] 1 [PackageName] WindowsEditor [ProjectName] Editor" joined alternative multi-casting on [225.0.0.222:34997]...

mdb reader table full -> cleaning up stale readers. Current readers:
    pid     thread     txnid
      6724 4d4c -
      6724 4470 -
      6724 21a4 -
      6724 4a0 -
     22644 57b4 -
     25064 61ec -
     25128 622c -
     25224 628c -
     25412 6348 -
     24976 618c -
     18844 3788 -
     15800 22f4 -
     24260 5f78 -
      7256 58cc -
     17384 6094 -
     23872 2ae0 -
     22248 5f2c -
     25276 62c0 -
     25328 62f4 -
     11148 632c -
     12396 54bc -
     23860 5c20 -
     13840 b5c -
      3004 2370 -
     18088 575c -
     19592 3cb4 -
     20564 289c -
     15228 5c10 -
     25016 4664 -
     12272 2f44 -
      3216 5cd0 -
     24720 6290 -
      1860 33c0 -
     10300 59b4 -
     21640 4a44 -
     20700 5fc4 -
     23136 5898 -
     24664 60b8 -
      1424 5a08 606
     23656 605c 604
     23724 5600 -
     13456 3604 -
     22952 25cc -
     24608 6384 -
     24680 1fa0 -
     12712 619c -
      8764 c74 -
     21424 6160 -
     24224 5890 -
     24716 4648 -
     12860 6328 -
     24428 58ec -
      3968 5f58 -
     23820 5c80 -
     23284 6148 -
     24600 59b0 -
     21688 21a8 -
     26316 66d0 -
     26608 67f4 624
      1960 61cc -
     24072 6198 -
      5852 50a8 -
     18028 6668 -
     21476 17c0 -
     21168 da0 630
      3536 6104 -
     22696 533c -
     22736 2b2c -
     25852 6500 -
     24624 2814 -
     25556 1990 -
     22296 4120 -
     26464 6784 -
     11036 5f80 -
     14340 40b8 -
     24024 286c -
      8716 5fa4 -
     24888 50f8 -
     24700 65e0 -
     25136 6558 -
      7708 63f8 -
     24352 5fec 649
     21804 5628 -
     26044 269c -
     26412 6730 -
     17664 5dd0 -
      9616 5b0c -
     25300 5dbc -
     22848 61d0 -
     10904 6338 -
      6120 6218 -
     21444 6644 -
     22836 66a0 -
     24328 69c -
     21960 5848 -
      8844 834 -
      5560 647c -
     23248 5a10 -
     26396 66f4 -
      8736 4ce4 -
     24632 106c -
      1476 56ac -
     25736 6524 -
     25508 6214 -
      5320 38c8 -
     23792 5b90 -
      9636 5854 -
     25716 6304 -
     25880 6110 674
      2192 64b4 -
     22916 5960 -
     21988 3e90 -
     24048 599c -
     26544 67c8 -
     21440 5c44 -
     20708 5e48 -
     16488 6374 -
     22156 4d50 -
     24316 3184 -
      6256 5d70 -
     25448 5f70 -
     21160 58a4 -
     20352 2494 -
     23824 1664 -
      6380 531c -
     14600 5e84 -
Cleaned out 115 stale readers
Refreshing native plugins compatible for Editor in 327.68 ms, found 3 plugins.
Preloading 0 native plugins for Editor in 0.00 ms.
Initialize engine version: 2021.3.22f1 (b6c551784ba3)
[Subsystems] Discovering subsystems at path D:/2021.3.22f1/Editor/Data/Resources/UnitySubsystems
[Subsystems] Discovering subsystems at path D:/HELLOI/Game-Project/CSAGAMEOG/Assets
GfxDevice: creating device client; threaded=0; jobified=0
Direct3D:
    Version:  Direct3D 11.0 [level 11.1]
    Renderer: NVIDIA GeForce GTX 1050 Ti (ID=0x1c82)
    Vendor:   NVIDIA
    VRAM:     4019 MB
    Driver:   31.0.15.1694
Initialize mono
Mono path[0] = 'D:/2021.3.22f1/Editor/Data/Managed'
Mono path[1] = 'D:/2021.3.22f1/Editor/Data/MonoBleedingEdge/lib/mono/unityjit-win32'
Mono config path = 'D:/2021.3.22f1/Editor/Data/MonoBleedingEdge/etc'
Using monoOptions --debugger-agent=transport=dt_socket,embedding=1,server=y,suspend=n,address=127.0.0.1:56076
Begin MonoManager ReloadAssembly
Registering precompiled unity dll's ...
Register platform support module: D:/2021.3.22f1/Editor/Data/PlaybackEngines/WindowsStandaloneSupport/UnityEditor.WindowsStandalone.Extensions.dll
Registered in 0.011418 seconds.
Native extension for WindowsStandalone target not found
Refreshing native plugins compatible for Editor in 1097.18 ms, found 3 plugins.
Preloading 0 native plugins for Editor in 0.00 ms.
Mono: successfully reloaded assembly
- Completed reload, in  5.594 seconds
Domain Reload Profiling:
	ReloadAssembly (5594ms)
		BeginReloadAssembly (542ms)
			ExecutionOrderSort (0ms)
			DisableScriptedObjects (0ms)
			BackupInstance (0ms)
			ReleaseScriptingObjects (0ms)
			CreateAndSetChildDomain (1ms)
		EndReloadAssembly (4473ms)
			LoadAssemblies (521ms)
			RebuildTransferFunctionScriptingTraits (0ms)
			SetupTypeCache (835ms)
			ReleaseScriptCaches (0ms)
			RebuildScriptCaches (99ms)
			SetupLoadedEditorAssemblies (2512ms)
				LogAssemblyErrors (0ms)
				InitializePlatformSupportModulesInManaged (14ms)
				SetLoadedEditorAssemblies (0ms)
				RefreshPlugins (1097ms)
				BeforeProcessingInitializeOnLoad (2ms)
				ProcessInitializeOnLoadAttributes (879ms)
				ProcessInitializeOnLoadMethodAttributes (519ms)
				AfterProcessingInitializeOnLoad (0ms)
				EditorAssembliesLoaded (1ms)
			ExecutionOrderSort2 (0ms)
			AwakeInstancesAfterBackupRestoration (0ms)
Platform modules already initialized, skipping
Registering precompiled user dll's ...
Registered in 0.016464 seconds.
