Using pre-set license
Built from '2021.3/staging' branch; Version is '2021.3.22f1 (b6c551784ba3) revision 11978065'; Using compiler version '192829333'; Build Type 'Release'
OS: 'Windows 10  (10.0.19044) 64bit Core' Language: 'en' Physical Memory: 8158 MB
BatchMode: 1, IsHumanControllingUs: 0, StartBugReporterOnCrash: 0, Is64bit: 1, IsPro: 1

COMMAND LINE ARGUMENTS:
D:\2021.3.22f1\Editor\Unity.exe
-adb2
-batchMode
-noUpm
-name
AssetImportWorker245
-projectPath
D:/HELLOI/Game-Project/CSAGAMEOG
-logFile
Logs/AssetImportWorker245.log
-srvPort
64889
Successfully changed project path to: D:/HELLOI/Game-Project/CSAGAMEOG
D:/HELLOI/Game-Project/CSAGAMEOG
[UnityMemory] Configuration Parameters - Can be set up in boot.config
    "memorysetup-bucket-allocator-granularity=16"
    "memorysetup-bucket-allocator-bucket-count=8"
    "memorysetup-bucket-allocator-block-size=33554432"
    "memorysetup-bucket-allocator-block-count=8"
    "memorysetup-main-allocator-block-size=16777216"
    "memorysetup-thread-allocator-block-size=16777216"
    "memorysetup-gfx-main-allocator-block-size=16777216"
    "memorysetup-gfx-thread-allocator-block-size=16777216"
    "memorysetup-cache-allocator-block-size=4194304"
    "memorysetup-typetree-allocator-block-size=2097152"
    "memorysetup-profiler-bucket-allocator-granularity=16"
    "memorysetup-profiler-bucket-allocator-bucket-count=8"
    "memorysetup-profiler-bucket-allocator-block-size=33554432"
    "memorysetup-profiler-bucket-allocator-block-count=8"
    "memorysetup-profiler-allocator-block-size=16777216"
    "memorysetup-profiler-editor-allocator-block-size=1048576"
    "memorysetup-temp-allocator-size-main=16777216"
    "memorysetup-job-temp-allocator-block-size=2097152"
    "memorysetup-job-temp-allocator-block-size-background=1048576"
    "memorysetup-job-temp-allocator-reduction-small-platforms=262144"
    "memorysetup-temp-allocator-size-background-worker=32768"
    "memorysetup-temp-allocator-size-job-worker=262144"
    "memorysetup-temp-allocator-size-preload-manager=33554432"
    "memorysetup-temp-allocator-size-nav-mesh-worker=65536"
    "memorysetup-temp-allocator-size-audio-worker=65536"
    "memorysetup-temp-allocator-size-cloud-worker=32768"
    "memorysetup-temp-allocator-size-gi-baking-worker=262144"
    "memorysetup-temp-allocator-size-gfx=262144"
Player connection [21956] Host "[IP] 192.168.1.24 [Port] 0 [Flags] 2 [Guid] 500502947 [EditorId] 500502947 [Version] 1048832 [Id] WindowsEditor(7,DESKTOP-MDB38EJ) [Debug] 1 [PackageName] WindowsEditor [ProjectName] Editor" joined multi-casting on [225.0.0.222:54997]...

Player connection [21956] Host "[IP] 192.168.1.24 [Port] 0 [Flags] 2 [Guid] 500502947 [EditorId] 500502947 [Version] 1048832 [Id] WindowsEditor(7,DESKTOP-MDB38EJ) [Debug] 1 [PackageName] WindowsEditor [ProjectName] Editor" joined alternative multi-casting on [225.0.0.222:34997]...

mdb reader table full -> cleaning up stale readers. Current readers:
    pid     thread     txnid
      6724 4d4c -
      6724 4470 -
      6724 21a4 -
      6724 4a0 -
      8276 4bb8 -
     16748 4214 -
      2956 4330 -
     11700 41b8 -
     12572 a38 -
     19916 3fe0 -
     14468 4a08 -
     20216 13a8 -
     10696 194c -
     13712 1d8 -
     11536 9d4 -
     18472 369c -
     16284 27f0 -
      7376 2d80 -
     19584 1580 -
     12744 cc8 -
      9556 4d70 -
     16160 4e68 -
      3100 674 -
     18208 40c8 -
     18716 618 -
      9516 28f0 -
     14104 2394 -
     20252 1eb0 -
     15772 2f28 -
      8464 3248 -
     19980 3938 -
     16048 56c -
     18004 2d8c -
      7040 4fe8 -
      6372 3b5c -
      2712 1fe4 -
      6176 3b0c -
      5780 1748 -
      8684 17f8 -
      8816 2c64 -
      8832 322c -
       324 4f24 -
     19724 1e20 -
     18412 4a30 -
     17524 37b8 -
     15640 2754 -
      5252 4644 -
     20584 506c -
     20692 50d8 -
     20980 51f8 -
     20912 51b4 -
       580 3424 -
     12116 3194 -
     10828 4310 -
     12556 48d0 -
     22072 563c -
     22252 56f0 -
     22368 5764 -
     22476 57d0 -
     18420 11e8 -
     19496 5040 -
      9160 c58 -
     20660 1164 -
     16632 3138 -
     18280 15bc -
     20936 517c -
     20924 508c -
     12156 2d24 -
     20616 34b4 -
     21108 5378 -
      5660 cec -
      7808 ce4 -
     11136 3c54 -
     21324 5350 -
      1556 57a0 -
     11144 2a50 -
     18556 4360 -
     11168 23a0 -
      9304 555c -
     22384 2188 -
     20612 5370 -
     12012 45a4 -
     21376 4ef4 -
     12780 55f8 -
     18780 54b0 -
     21340 541c -
     21152 3f8c -
     11064 19cc -
     20572 3388 -
     19220 5708 -
     22080 340 -
     21744 54e4 -
     19616 5548 -
     20636 47d0 -
      9136 3288 -
     12052 3fd8 -
     21724 51e0 -
     13320 2d60 -
     19064 3244 -
     12168 5470 402
      2364 2f9c 402
     17132 55b8 -
     21860 5034 -
     20608 540c -
      8344 a7c -
     21412 2ea0 -
     20664 49a0 408
     20868 4558 410
     21580 2fd4 410
      2532 2538 -
     22000 5344 -
     21048 291c -
     22316 1898 -
      8364 9a4 -
     21352 347c -
     14320 50d0 -
     20808 5028 -
     23144 5a6c -
     23212 5ab0 -
     17548 4c54 -
     22212 56c8 -
     12876 3608 -
      3292 25ac -
      4964 318 -
     17244 46b8 -
     13280 2684 305
Cleaned out 121 stale readers
