Using pre-set license
Built from '2021.3/staging' branch; Version is '2021.3.22f1 (b6c551784ba3) revision 11978065'; Using compiler version '192829333'; Build Type 'Release'
OS: 'Windows 10  (10.0.19044) 64bit Core' Language: 'en' Physical Memory: 8158 MB
BatchMode: 1, IsHumanControllingUs: 0, StartBugReporterOnCrash: 0, Is64bit: 1, IsPro: 1

COMMAND LINE ARGUMENTS:
D:\2021.3.22f1\Editor\Unity.exe
-adb2
-batchMode
-noUpm
-name
AssetImportWorker22
-projectPath
D:/HELLOI/Game-Project/CSAGAMEOG
-logFile
Logs/AssetImportWorker22.log
-srvPort
53488
Successfully changed project path to: D:/HELLOI/Game-Project/CSAGAMEOG
D:/HELLOI/Game-Project/CSAGAMEOG
[UnityMemory] Configuration Parameters - Can be set up in boot.config
    "memorysetup-bucket-allocator-granularity=16"
    "memorysetup-bucket-allocator-bucket-count=8"
    "memorysetup-bucket-allocator-block-size=33554432"
    "memorysetup-bucket-allocator-block-count=8"
    "memorysetup-main-allocator-block-size=16777216"
    "memorysetup-thread-allocator-block-size=16777216"
    "memorysetup-gfx-main-allocator-block-size=16777216"
    "memorysetup-gfx-thread-allocator-block-size=16777216"
    "memorysetup-cache-allocator-block-size=4194304"
    "memorysetup-typetree-allocator-block-size=2097152"
    "memorysetup-profiler-bucket-allocator-granularity=16"
    "memorysetup-profiler-bucket-allocator-bucket-count=8"
    "memorysetup-profiler-bucket-allocator-block-size=33554432"
    "memorysetup-profiler-bucket-allocator-block-count=8"
    "memorysetup-profiler-allocator-block-size=16777216"
    "memorysetup-profiler-editor-allocator-block-size=1048576"
    "memorysetup-temp-allocator-size-main=16777216"
    "memorysetup-job-temp-allocator-block-size=2097152"
    "memorysetup-job-temp-allocator-block-size-background=1048576"
    "memorysetup-job-temp-allocator-reduction-small-platforms=262144"
    "memorysetup-temp-allocator-size-background-worker=32768"
    "memorysetup-temp-allocator-size-job-worker=262144"
    "memorysetup-temp-allocator-size-preload-manager=33554432"
    "memorysetup-temp-allocator-size-nav-mesh-worker=65536"
    "memorysetup-temp-allocator-size-audio-worker=65536"
    "memorysetup-temp-allocator-size-cloud-worker=32768"
    "memorysetup-temp-allocator-size-gi-baking-worker=262144"
    "memorysetup-temp-allocator-size-gfx=262144"
Player connection [15188] Host "[IP] 192.168.1.24 [Port] 0 [Flags] 2 [Guid] 301189986 [EditorId] 301189986 [Version] 1048832 [Id] WindowsEditor(7,DESKTOP-MDB38EJ) [Debug] 1 [PackageName] WindowsEditor [ProjectName] Editor" joined multi-casting on [225.0.0.222:54997]...

Player connection [15188] Host "[IP] 192.168.1.24 [Port] 0 [Flags] 2 [Guid] 301189986 [EditorId] 301189986 [Version] 1048832 [Id] WindowsEditor(7,DESKTOP-MDB38EJ) [Debug] 1 [PackageName] WindowsEditor [ProjectName] Editor" joined alternative multi-casting on [225.0.0.222:34997]...

Refreshing native plugins compatible for Editor in 599.16 ms, found 3 plugins.
Preloading 0 native plugins for Editor in 0.00 ms.
Initialize engine version: 2021.3.22f1 (b6c551784ba3)
[Subsystems] Discovering subsystems at path D:/2021.3.22f1/Editor/Data/Resources/UnitySubsystems
[Subsystems] Discovering subsystems at path D:/HELLOI/Game-Project/CSAGAMEOG/Assets
GfxDevice: creating device client; threaded=0; jobified=0
Direct3D:
    Version:  Direct3D 11.0 [level 11.1]
    Renderer: NVIDIA GeForce GTX 1050 Ti (ID=0x1c82)
    Vendor:   NVIDIA
    VRAM:     4019 MB
    Driver:   31.0.15.1694
Initialize mono
Mono path[0] = 'D:/2021.3.22f1/Editor/Data/Managed'
Mono path[1] = 'D:/2021.3.22f1/Editor/Data/MonoBleedingEdge/lib/mono/unityjit-win32'
Mono config path = 'D:/2021.3.22f1/Editor/Data/MonoBleedingEdge/etc'
Using monoOptions --debugger-agent=transport=dt_socket,embedding=1,server=y,suspend=n,address=127.0.0.1:56744
Begin MonoManager ReloadAssembly
Registering precompiled unity dll's ...
Register platform support module: D:/2021.3.22f1/Editor/Data/PlaybackEngines/WindowsStandaloneSupport/UnityEditor.WindowsStandalone.Extensions.dll
Registered in 0.148386 seconds.
Native extension for WindowsStandalone target not found
Refreshing native plugins compatible for Editor in 167.54 ms, found 3 plugins.
Preloading 0 native plugins for Editor in 0.00 ms.
Mono: successfully reloaded assembly
- Completed reload, in  5.863 seconds
Domain Reload Profiling:
	ReloadAssembly (5864ms)
		BeginReloadAssembly (4319ms)
			ExecutionOrderSort (0ms)
			DisableScriptedObjects (0ms)
			BackupInstance (0ms)
			ReleaseScriptingObjects (0ms)
			CreateAndSetChildDomain (1ms)
		EndReloadAssembly (1085ms)
			LoadAssemblies (4315ms)
			RebuildTransferFunctionScriptingTraits (0ms)
			SetupTypeCache (304ms)
			ReleaseScriptCaches (0ms)
			RebuildScriptCaches (56ms)
			SetupLoadedEditorAssemblies (567ms)
				LogAssemblyErrors (0ms)
				InitializePlatformSupportModulesInManaged (16ms)
				SetLoadedEditorAssemblies (0ms)
				RefreshPlugins (169ms)
				BeforeProcessingInitializeOnLoad (2ms)
				ProcessInitializeOnLoadAttributes (287ms)
				ProcessInitializeOnLoadMethodAttributes (92ms)
				AfterProcessingInitializeOnLoad (0ms)
				EditorAssembliesLoaded (0ms)
			ExecutionOrderSort2 (0ms)
			AwakeInstancesAfterBackupRestoration (0ms)
Platform modules already initialized, skipping
Registering precompiled user dll's ...
Registered in 0.017787 seconds.
Begin MonoManager ReloadAssembly
Symbol file LoadedFromMemory doesn't match image D:\HELLOI\Game-Project\CSAGAMEOG\Library\PackageCache\com.unity.visualscripting@1.8.0\Editor\VisualScripting.Core\Dependencies\YamlDotNet\Unity.VisualScripting.YamlDotNet.dll
Symbol file LoadedFromMemory doesn't match image D:\HELLOI\Game-Project\CSAGAMEOG\Library\PackageCache\com.unity.visualscripting@1.8.0\Editor\VisualScripting.Core\Dependencies\DotNetZip\Unity.VisualScripting.IonicZip.dll
Native extension for WindowsStandalone target not found
Refreshing native plugins compatible for Editor in 169.19 ms, found 3 plugins.
Preloading 0 native plugins for Editor in 0.00 ms.
Mono: successfully reloaded assembly
- Completed reload, in  7.161 seconds
Domain Reload Profiling:
	ReloadAssembly (7163ms)
		BeginReloadAssembly (366ms)
			ExecutionOrderSort (0ms)
			DisableScriptedObjects (10ms)
			BackupInstance (0ms)
			ReleaseScriptingObjects (0ms)
			CreateAndSetChildDomain (40ms)
		EndReloadAssembly (6507ms)
			LoadAssemblies (4756ms)
			RebuildTransferFunctionScriptingTraits (0ms)
			SetupTypeCache (647ms)
			ReleaseScriptCaches (1ms)
			RebuildScriptCaches (121ms)
			SetupLoadedEditorAssemblies (1043ms)
				LogAssemblyErrors (0ms)
				InitializePlatformSupportModulesInManaged (8ms)
				SetLoadedEditorAssemblies (0ms)
				RefreshPlugins (169ms)
				BeforeProcessingInitializeOnLoad (218ms)
				ProcessInitializeOnLoadAttributes (474ms)
				ProcessInitializeOnLoadMethodAttributes (152ms)
				AfterProcessingInitializeOnLoad (21ms)
				EditorAssembliesLoaded (0ms)
			ExecutionOrderSort2 (0ms)
			AwakeInstancesAfterBackupRestoration (12ms)
Platform modules already initialized, skipping
========================================================================
Worker process is ready to serve import requests
Launched and connected shader compiler UnityShaderCompiler.exe after 0.41 seconds
Refreshing native plugins compatible for Editor in 2.70 ms, found 3 plugins.
Preloading 0 native plugins for Editor in 0.00 ms.
Unloading 4806 Unused Serialized files (Serialized files now loaded: 0)
Unloading 32 unused Assets / (0.7 MB). Loaded Objects now: 5259.
Memory consumption went from 190.3 MB to 189.6 MB.
Total: 8.205100 ms (FindLiveObjects: 1.326100 ms CreateObjectMapping: 0.701900 ms MarkObjects: 5.685600 ms  DeleteObjects: 0.490400 ms)

AssetImportParameters requested are different than current active one (requested -> active):
  custom:video-decoder-ogg-theora: a1e56fd34408186e4bbccfd4996cb3dc -> 
  custom:container-muxer-webm: aa71ff27fc2769a1b78a27578f13a17b -> 
  custom:container-demuxer-webm: 4f35f7cbe854078d1ac9338744f61a02 -> 
  custom:video-encoder-webm-vp8: eb34c28f22e8b96e1ab97ce403110664 -> 
  custom:audio-encoder-webm-vorbis: bf7c407c2cedff20999df2af8eb42d56 -> 
  custom:framework-win-MediaFoundation: 216162199b28c13a410421893ffa2e32 -> 
  custom:container-demuxer-ogg: 62fdf1f143b41e24485cea50d1cbac27 -> 
  custom:video-decoder-webm-vp8: 9c59270c3fd7afecdb556c50c9e8de78 -> 
  custom:audio-decoder-ogg-vorbis: bf7c407c2cedff20999df2af8eb42d56 -> 
========================================================================
Received Import Request.
  Time since last request: 1196506.861480 seconds.
  path: Assets/Sprites/PortalPair.prefab
  artifactKey: Guid(5452780bdb4694d7bbbe795725ce53dd) Importer(815301076,1909f56bfc062723c751e8b465ee728b)
Start importing Assets/Sprites/PortalPair.prefab using Guid(5452780bdb4694d7bbbe795725ce53dd) Importer(815301076,1909f56bfc062723c751e8b465ee728b)  -> (artifact id: '59de2030be538ec1b71add43dea2c1cc') in 0.183874 seconds 
========================================================================
Received Import Request.
  Time since last request: 0.000044 seconds.
  path: Assets/Sprites/New Material 3.mat
  artifactKey: Guid(926a23b07c58d4431bdf19d768469735) Importer(815301076,1909f56bfc062723c751e8b465ee728b)
Start importing Assets/Sprites/New Material 3.mat using Guid(926a23b07c58d4431bdf19d768469735) Importer(815301076,1909f56bfc062723c751e8b465ee728b)  -> (artifact id: '28355a344ff73ea6ebfbae437df91b94') in 1.052771 seconds 
========================================================================
Received Import Request.
  Time since last request: 0.007833 seconds.
  path: Assets/Sprites/PortalA_Texture.renderTexture
  artifactKey: Guid(19e1b3c2419f749fb9530cb2074d61a3) Importer(815301076,1909f56bfc062723c751e8b465ee728b)
Start importing Assets/Sprites/PortalA_Texture.renderTexture using Guid(19e1b3c2419f749fb9530cb2074d61a3) Importer(815301076,1909f56bfc062723c751e8b465ee728b)  -> (artifact id: 'ef6ab6338e5069c0d3c962b21b1aadaa') in 0.135677 seconds 
========================================================================
Received Import Request.
  Time since last request: 0.000615 seconds.
  path: Assets/Sprites/GoopSpawner.prefab
  artifactKey: Guid(1e8c466b076964ebd8ff1017795b762b) Importer(815301076,1909f56bfc062723c751e8b465ee728b)
Start importing Assets/Sprites/GoopSpawner.prefab using Guid(1e8c466b076964ebd8ff1017795b762b) Importer(815301076,1909f56bfc062723c751e8b465ee728b)  -> (artifact id: 'd8ceb9bc9a9975cdff5d034b2445aeee') in 0.129408 seconds 
========================================================================
Received Import Request.
  Time since last request: 0.000034 seconds.
  path: Assets/Sprites/New Physics Material 2D.physicsMaterial2D
  artifactKey: Guid(d9adeb1e9c4724eb9b41f617d116d769) Importer(815301076,1909f56bfc062723c751e8b465ee728b)
Start importing Assets/Sprites/New Physics Material 2D.physicsMaterial2D using Guid(d9adeb1e9c4724eb9b41f617d116d769) Importer(815301076,1909f56bfc062723c751e8b465ee728b)  -> (artifact id: 'd0889877890a3c2758ade342fc000801') in 0.047388 seconds 
========================================================================
Received Import Request.
  Time since last request: 0.008698 seconds.
  path: Assets/Sprites/BuildingBlock.prefab
  artifactKey: Guid(7e431c3a3e81144d3b4e0daff0c95f42) Importer(815301076,1909f56bfc062723c751e8b465ee728b)
Start importing Assets/Sprites/BuildingBlock.prefab using Guid(7e431c3a3e81144d3b4e0daff0c95f42) Importer(815301076,1909f56bfc062723c751e8b465ee728b)  -> (artifact id: 'fa08c51f0358fd2e63ce92d6dc20191b') in 0.110675 seconds 
========================================================================
Received Import Request.
  Time since last request: 0.000033 seconds.
  path: Assets/Sprites/PortalB_Texture 1.renderTexture
  artifactKey: Guid(933c6b10cb5d847d7aa56d05fb4e687a) Importer(815301076,1909f56bfc062723c751e8b465ee728b)
Start importing Assets/Sprites/PortalB_Texture 1.renderTexture using Guid(933c6b10cb5d847d7aa56d05fb4e687a) Importer(815301076,1909f56bfc062723c751e8b465ee728b)  -> (artifact id: '9c8628e8805788bdf925f9162b06e0c7') in 0.104570 seconds 
Editor requested this worker to shutdown with reason: Scaling down because of idle timeout
AssetImportWorkerClient::OnTransportError - code=2 error=End of file
AssetImportWorker is now disconnected from the server
Process exiting
Exiting without the bug reporter. Application will terminate with return code 0