Using pre-set license
Built from '2021.3/staging' branch; Version is '2021.3.22f1 (b6c551784ba3) revision 11978065'; Using compiler version '192829333'; Build Type 'Release'
OS: 'Windows 10  (10.0.19044) 64bit Core' Language: 'en' Physical Memory: 8158 MB
BatchMode: 1, IsHumanControllingUs: 0, StartBugReporterOnCrash: 0, Is64bit: 1, IsPro: 1

COMMAND LINE ARGUMENTS:
D:\2021.3.22f1\Editor\Unity.exe
-adb2
-batchMode
-noUpm
-name
AssetImportWorker267
-projectPath
D:/HELLOI/Game-Project/CSAGAMEOG
-logFile
Logs/AssetImportWorker267.log
-srvPort
64889
Successfully changed project path to: D:/HELLOI/Game-Project/CSAGAMEOG
D:/HELLOI/Game-Project/CSAGAMEOG
[UnityMemory] Configuration Parameters - Can be set up in boot.config
    "memorysetup-bucket-allocator-granularity=16"
    "memorysetup-bucket-allocator-bucket-count=8"
    "memorysetup-bucket-allocator-block-size=33554432"
    "memorysetup-bucket-allocator-block-count=8"
    "memorysetup-main-allocator-block-size=16777216"
    "memorysetup-thread-allocator-block-size=16777216"
    "memorysetup-gfx-main-allocator-block-size=16777216"
    "memorysetup-gfx-thread-allocator-block-size=16777216"
    "memorysetup-cache-allocator-block-size=4194304"
    "memorysetup-typetree-allocator-block-size=2097152"
    "memorysetup-profiler-bucket-allocator-granularity=16"
    "memorysetup-profiler-bucket-allocator-bucket-count=8"
    "memorysetup-profiler-bucket-allocator-block-size=33554432"
    "memorysetup-profiler-bucket-allocator-block-count=8"
    "memorysetup-profiler-allocator-block-size=16777216"
    "memorysetup-profiler-editor-allocator-block-size=1048576"
    "memorysetup-temp-allocator-size-main=16777216"
    "memorysetup-job-temp-allocator-block-size=2097152"
    "memorysetup-job-temp-allocator-block-size-background=1048576"
    "memorysetup-job-temp-allocator-reduction-small-platforms=262144"
    "memorysetup-temp-allocator-size-background-worker=32768"
    "memorysetup-temp-allocator-size-job-worker=262144"
    "memorysetup-temp-allocator-size-preload-manager=33554432"
    "memorysetup-temp-allocator-size-nav-mesh-worker=65536"
    "memorysetup-temp-allocator-size-audio-worker=65536"
    "memorysetup-temp-allocator-size-cloud-worker=32768"
    "memorysetup-temp-allocator-size-gi-baking-worker=262144"
    "memorysetup-temp-allocator-size-gfx=262144"
Player connection [18124] Host "[IP] 192.168.1.24 [Port] 0 [Flags] 2 [Guid] 3919336457 [EditorId] 3919336457 [Version] 1048832 [Id] WindowsEditor(7,DESKTOP-MDB38EJ) [Debug] 1 [PackageName] WindowsEditor [ProjectName] Editor" joined multi-casting on [225.0.0.222:54997]...

Player connection [18124] Host "[IP] 192.168.1.24 [Port] 0 [Flags] 2 [Guid] 3919336457 [EditorId] 3919336457 [Version] 1048832 [Id] WindowsEditor(7,DESKTOP-MDB38EJ) [Debug] 1 [PackageName] WindowsEditor [ProjectName] Editor" joined alternative multi-casting on [225.0.0.222:34997]...

mdb reader table full -> cleaning up stale readers. Current readers:
    pid     thread     txnid
      6724 4d4c -
     11700 41b8 -
     12572 a38 -
     19916 3fe0 -
     14468 4a08 -
     20216 13a8 -
     10696 194c -
     13712 1d8 -
     11536 9d4 -
     18472 369c -
     16284 27f0 -
      7376 2d80 -
     19584 1580 -
     12744 cc8 -
      9556 4d70 -
     16160 4e68 -
      3100 674 -
     18208 40c8 -
     18716 618 -
      9516 28f0 -
     14104 2394 -
     20252 1eb0 -
      8464 3248 -
     15772 2f28 -
     19980 3938 -
     16048 56c -
     18004 2d8c -
      7040 4fe8 -
      6372 3b5c -
      2712 1fe4 -
      6176 3b0c -
      5780 1748 -
      8684 17f8 -
      8816 2c64 -
      8832 322c -
       324 4f24 -
     19724 1e20 -
     18412 4a30 -
     17524 37b8 -
     15640 2754 -
      5252 4644 -
     20584 506c -
     20692 50d8 -
     20980 51f8 -
     20912 51b4 -
       580 3424 -
     12116 3194 -
     10828 4310 -
     12556 48d0 -
     22072 563c -
     22252 56f0 -
     22368 5764 -
     22476 57d0 -
     18420 11e8 -
     19496 5040 -
      9160 c58 -
     20660 1164 -
     16632 3138 -
     18280 15bc -
     20936 517c -
     20924 508c -
     12156 2d24 -
     20616 34b4 -
     21108 5378 -
      5660 cec -
      1556 57a0 -
     21324 5350 -
     11144 2a50 -
     18556 4360 -
      9304 555c -
     11168 23a0 -
     22384 2188 -
     20612 5370 -
     12012 45a4 -
     21376 4ef4 -
     12780 55f8 7358
     18780 54b0 7358
     21340 541c -
     21152 3f8c -
     11064 19cc -
     20572 3388 -
     19220 5708 -
     22080 340 -
     21744 54e4 -
     19616 5548 -
     20636 47d0 -
      9136 3288 -
     12052 3fd8 -
     21724 51e0 -
     13320 2d60 -
     19064 3244 -
     12168 5470 7374
      2364 2f9c 7374
     17132 55b8 -
     21860 5034 -
     20608 540c -
      8344 a7c -
     21412 2ea0 -
     20664 49a0 7382
     21580 2fd4 7382
     20868 4558 7382
      2532 2538 -
     21048 291c -
     22000 5344 -
     22316 1898 -
      8364 9a4 -
     21352 347c -
     14320 50d0 -
     20808 5028 -
     23144 5a6c -
     23212 5ab0 -
     17548 4c54 -
     22212 56c8 -
     22340 55c4 7400
     21892 50a4 -
     23360 5b44 -
     23424 5b2c -
     16252 52c8 -
     23396 5b68 -
     12996 2e28 -
     11028 3578 7410
     21916 2a90 7410
     13280 2684 -
      8276 4bb8 -
     16748 4214 -
      2956 4330 -
Cleaned out 118 stale readers
Refreshing native plugins compatible for Editor in 479.86 ms, found 3 plugins.
Preloading 0 native plugins for Editor in 0.00 ms.
Initialize engine version: 2021.3.22f1 (b6c551784ba3)
[Subsystems] Discovering subsystems at path D:/2021.3.22f1/Editor/Data/Resources/UnitySubsystems
[Subsystems] Discovering subsystems at path D:/HELLOI/Game-Project/CSAGAMEOG/Assets
GfxDevice: creating device client; threaded=0; jobified=0
Direct3D:
    Version:  Direct3D 11.0 [level 11.1]
    Renderer: NVIDIA GeForce GTX 1050 Ti (ID=0x1c82)
    Vendor:   NVIDIA
    VRAM:     4019 MB
    Driver:   31.0.15.1694
Initialize mono
Mono path[0] = 'D:/2021.3.22f1/Editor/Data/Managed'
Mono path[1] = 'D:/2021.3.22f1/Editor/Data/MonoBleedingEdge/lib/mono/unityjit-win32'
Mono config path = 'D:/2021.3.22f1/Editor/Data/MonoBleedingEdge/etc'
Using monoOptions --debugger-agent=transport=dt_socket,embedding=1,server=y,suspend=n,address=127.0.0.1:56516
Begin MonoManager ReloadAssembly
Registering precompiled unity dll's ...
Register platform support module: D:/2021.3.22f1/Editor/Data/PlaybackEngines/WindowsStandaloneSupport/UnityEditor.WindowsStandalone.Extensions.dll
Registered in 0.037425 seconds.
Native extension for WindowsStandalone target not found
Refreshing native plugins compatible for Editor in 454.48 ms, found 3 plugins.
Preloading 0 native plugins for Editor in 0.00 ms.
Mono: successfully reloaded assembly
- Completed reload, in  4.345 seconds
Domain Reload Profiling:
	ReloadAssembly (4346ms)
		BeginReloadAssembly (606ms)
			ExecutionOrderSort (0ms)
			DisableScriptedObjects (0ms)
			BackupInstance (0ms)
			ReleaseScriptingObjects (0ms)
			CreateAndSetChildDomain (2ms)
		EndReloadAssembly (3205ms)
			LoadAssemblies (602ms)
			RebuildTransferFunctionScriptingTraits (0ms)
			SetupTypeCache (1341ms)
			ReleaseScriptCaches (0ms)
			RebuildScriptCaches (193ms)
			SetupLoadedEditorAssemblies (1486ms)
				LogAssemblyErrors (0ms)
				InitializePlatformSupportModulesInManaged (18ms)
				SetLoadedEditorAssemblies (1ms)
				RefreshPlugins (455ms)
				BeforeProcessingInitializeOnLoad (2ms)
				ProcessInitializeOnLoadAttributes (674ms)
				ProcessInitializeOnLoadMethodAttributes (336ms)
				AfterProcessingInitializeOnLoad (0ms)
				EditorAssembliesLoaded (0ms)
			ExecutionOrderSort2 (0ms)
			AwakeInstancesAfterBackupRestoration (0ms)
Platform modules already initialized, skipping
Registering precompiled user dll's ...
Registered in 0.052863 seconds.
