Using pre-set license
Built from '2021.3/staging' branch; Version is '2021.3.22f1 (b6c551784ba3) revision 11978065'; Using compiler version '192829333'; Build Type 'Release'
OS: 'Windows 10  (10.0.19044) 64bit Core' Language: 'en' Physical Memory: 8158 MB
BatchMode: 1, IsHumanControllingUs: 0, StartBugReporterOnCrash: 0, Is64bit: 1, IsPro: 1

COMMAND LINE ARGUMENTS:
D:\2021.3.22f1\Editor\Unity.exe
-adb2
-batchMode
-noUpm
-name
AssetImportWorker744
-projectPath
D:/HELLOI/Game-Project/CSAGAMEOG
-logFile
Logs/AssetImportWorker744.log
-srvPort
64889
Successfully changed project path to: D:/HELLOI/Game-Project/CSAGAMEOG
D:/HELLOI/Game-Project/CSAGAMEOG
[UnityMemory] Configuration Parameters - Can be set up in boot.config
    "memorysetup-bucket-allocator-granularity=16"
    "memorysetup-bucket-allocator-bucket-count=8"
    "memorysetup-bucket-allocator-block-size=33554432"
    "memorysetup-bucket-allocator-block-count=8"
    "memorysetup-main-allocator-block-size=16777216"
    "memorysetup-thread-allocator-block-size=16777216"
    "memorysetup-gfx-main-allocator-block-size=16777216"
    "memorysetup-gfx-thread-allocator-block-size=16777216"
    "memorysetup-cache-allocator-block-size=4194304"
    "memorysetup-typetree-allocator-block-size=2097152"
    "memorysetup-profiler-bucket-allocator-granularity=16"
    "memorysetup-profiler-bucket-allocator-bucket-count=8"
    "memorysetup-profiler-bucket-allocator-block-size=33554432"
    "memorysetup-profiler-bucket-allocator-block-count=8"
    "memorysetup-profiler-allocator-block-size=16777216"
    "memorysetup-profiler-editor-allocator-block-size=1048576"
    "memorysetup-temp-allocator-size-main=16777216"
    "memorysetup-job-temp-allocator-block-size=2097152"
    "memorysetup-job-temp-allocator-block-size-background=1048576"
    "memorysetup-job-temp-allocator-reduction-small-platforms=262144"
    "memorysetup-temp-allocator-size-background-worker=32768"
    "memorysetup-temp-allocator-size-job-worker=262144"
    "memorysetup-temp-allocator-size-preload-manager=33554432"
    "memorysetup-temp-allocator-size-nav-mesh-worker=65536"
    "memorysetup-temp-allocator-size-audio-worker=65536"
    "memorysetup-temp-allocator-size-cloud-worker=32768"
    "memorysetup-temp-allocator-size-gi-baking-worker=262144"
    "memorysetup-temp-allocator-size-gfx=262144"
Player connection [30164] Host "[IP] 192.168.1.24 [Port] 0 [Flags] 2 [Guid] 1070907951 [EditorId] 1070907951 [Version] 1048832 [Id] WindowsEditor(7,DESKTOP-MDB38EJ) [Debug] 1 [PackageName] WindowsEditor [ProjectName] Editor" joined multi-casting on [225.0.0.222:54997]...

Player connection [30164] Host "[IP] 192.168.1.24 [Port] 0 [Flags] 2 [Guid] 1070907951 [EditorId] 1070907951 [Version] 1048832 [Id] WindowsEditor(7,DESKTOP-MDB38EJ) [Debug] 1 [PackageName] WindowsEditor [ProjectName] Editor" joined alternative multi-casting on [225.0.0.222:34997]...

mdb reader table full -> cleaning up stale readers. Current readers:
    pid     thread     txnid
      6724 4d4c -
     27256 64c0 -
     26056 7094 -
      6064 63c4 -
     29280 73dc -
     25236 4e60 -
     27880 68c4 -
     28240 497c -
      1844 54ec -
     29372 285c -
      8004 6ec4 7783
     28552 5408 -
     23096 6c84 -
     27560 24c0 -
     25220 6498 -
     29224 6d00 -
     28560 60d0 -
     28612 3d80 -
     29960 750c -
     29860 74a8 -
     29988 7528 -
     30396 76c0 -
      5436 6a34 -
     25560 7364 -
     23252 6f98 -
     30464 77e0 -
     25296 5390 -
     25020 5f88 -
     24536 5b4c -
     29592 75c8 -
     26716 5374 -
     25684 737c -
     28244 75ec -
     22828 20b0 -
     25676 3c30 -
     27484 77e8 -
     26588 6134 -
     28484 76f0 -
     29340 7240 -
     30612 75a4 -
     27152 6114 -
     26224 625c -
     29940 7658 -
     21728 5660 -
     26784 69e4 -
     28736 6d18 -
     10640 65c4 -
     30208 70f4 -
     23192 68e8 -
     26112 7374 -
     30468 5dac -
     24336 7780 7832
     24280 3814 -
     30024 6dac -
     28888 6c18 -
     28344 5c88 -
     25428 7288 -
     24696 60ac -
     29944 772c -
     29168 70ac -
      4248 508 -
     29932 7134 -
     26576 7404 -
     30148 710c -
     30452 c7c -
     29448 75dc -
     25572 7464 -
     30328 524 -
     28084 5ce8 -
      8184 6f7c -
     29800 6b70 -
     29344 37ec -
     12624 6280 -
     30500 63e8 -
     30704 582c -
     27476 6478 -
     29628 14bc -
     29892 64d8 -
     27548 69ac -
     17952 35d0 -
      8424 67b8 -
     28780 68bc -
     25532 5d9c -
     30240 6744 -
     27680 430 -
     30300 668c -
     25392 73f4 -
     29648 74c8 -
      8020 70c8 -
     21828 4f8 -
     30324 6950 -
     30196 5f0c -
     30184 69d4 -
     23648 29f4 -
     28516 7198 -
     29188 6f04 -
     28292 6a3c 7876
     30056 1e48 -
     28100 364c -
     23464 6c8c -
      6836 2ec4 -
      9956 70b4 -
     25176 6244 -
     20968 6f58 -
     27284 7148 -
     27036 70f0 -
     31008 7924 -
     31284 7a38 -
     31116 7990 -
     31324 7a60 -
     27948 73c8 -
     23848 6e7c -
     30596 74c0 -
     24652 7390 -
     28564 4a90 -
     29440 294c -
     26796 159c -
     17580 74b4 -
     30384 6da0 -
     24008 5e18 -
     30756 7538 -
     30852 7888 -
     24912 3880 -
     29380 2bf0 -
     28748 63b4 -
     29172 6830 -
Cleaned out 122 stale readers
Refreshing native plugins compatible for Editor in 1621.03 ms, found 3 plugins.
Preloading 0 native plugins for Editor in 0.00 ms.
Initialize engine version: 2021.3.22f1 (b6c551784ba3)
[Subsystems] Discovering subsystems at path D:/2021.3.22f1/Editor/Data/Resources/UnitySubsystems
[Subsystems] Discovering subsystems at path D:/HELLOI/Game-Project/CSAGAMEOG/Assets
GfxDevice: creating device client; threaded=0; jobified=0
Direct3D:
    Version:  Direct3D 11.0 [level 11.1]
    Renderer: NVIDIA GeForce GTX 1050 Ti (ID=0x1c82)
    Vendor:   NVIDIA
    VRAM:     4019 MB
    Driver:   31.0.15.1694
Initialize mono
Mono path[0] = 'D:/2021.3.22f1/Editor/Data/Managed'
Mono path[1] = 'D:/2021.3.22f1/Editor/Data/MonoBleedingEdge/lib/mono/unityjit-win32'
Mono config path = 'D:/2021.3.22f1/Editor/Data/MonoBleedingEdge/etc'
Using monoOptions --debugger-agent=transport=dt_socket,embedding=1,server=y,suspend=n,address=127.0.0.1:56248
Begin MonoManager ReloadAssembly
Registering precompiled unity dll's ...
Register platform support module: D:/2021.3.22f1/Editor/Data/PlaybackEngines/WindowsStandaloneSupport/UnityEditor.WindowsStandalone.Extensions.dll
Registered in 0.009991 seconds.
Native extension for WindowsStandalone target not found
Refreshing native plugins compatible for Editor in 678.35 ms, found 3 plugins.
Preloading 0 native plugins for Editor in 0.00 ms.
Mono: successfully reloaded assembly
- Completed reload, in  3.950 seconds
Domain Reload Profiling:
	ReloadAssembly (3952ms)
		BeginReloadAssembly (519ms)
			ExecutionOrderSort (0ms)
			DisableScriptedObjects (0ms)
			BackupInstance (0ms)
			ReleaseScriptingObjects (0ms)
			CreateAndSetChildDomain (1ms)
		EndReloadAssembly (2924ms)
			LoadAssemblies (517ms)
			RebuildTransferFunctionScriptingTraits (0ms)
			SetupTypeCache (611ms)
			ReleaseScriptCaches (0ms)
			RebuildScriptCaches (105ms)
			SetupLoadedEditorAssemblies (1948ms)
				LogAssemblyErrors (0ms)
				InitializePlatformSupportModulesInManaged (135ms)
				SetLoadedEditorAssemblies (2ms)
				RefreshPlugins (679ms)
				BeforeProcessingInitializeOnLoad (2ms)
				ProcessInitializeOnLoadAttributes (808ms)
				ProcessInitializeOnLoadMethodAttributes (322ms)
				AfterProcessingInitializeOnLoad (0ms)
				EditorAssembliesLoaded (0ms)
			ExecutionOrderSort2 (0ms)
			AwakeInstancesAfterBackupRestoration (0ms)
Platform modules already initialized, skipping
Registering precompiled user dll's ...
Registered in 0.025814 seconds.
