Using pre-set license
Built from '2021.3/staging' branch; Version is '2021.3.22f1 (b6c551784ba3) revision 11978065'; Using compiler version '192829333'; Build Type 'Release'
OS: 'Windows 10  (10.0.19044) 64bit Core' Language: 'en' Physical Memory: 8158 MB
BatchMode: 1, IsHumanControllingUs: 0, StartBugReporterOnCrash: 0, Is64bit: 1, IsPro: 1

COMMAND LINE ARGUMENTS:
D:\2021.3.22f1\Editor\Unity.exe
-adb2
-batchMode
-noUpm
-name
AssetImportWorker380
-projectPath
D:/HELLOI/Game-Project/CSAGAMEOG
-logFile
Logs/AssetImportWorker380.log
-srvPort
64889
Successfully changed project path to: D:/HELLOI/Game-Project/CSAGAMEOG
D:/HELLOI/Game-Project/CSAGAMEOG
[UnityMemory] Configuration Parameters - Can be set up in boot.config
    "memorysetup-bucket-allocator-granularity=16"
    "memorysetup-bucket-allocator-bucket-count=8"
    "memorysetup-bucket-allocator-block-size=33554432"
    "memorysetup-bucket-allocator-block-count=8"
    "memorysetup-main-allocator-block-size=16777216"
    "memorysetup-thread-allocator-block-size=16777216"
    "memorysetup-gfx-main-allocator-block-size=16777216"
    "memorysetup-gfx-thread-allocator-block-size=16777216"
    "memorysetup-cache-allocator-block-size=4194304"
    "memorysetup-typetree-allocator-block-size=2097152"
    "memorysetup-profiler-bucket-allocator-granularity=16"
    "memorysetup-profiler-bucket-allocator-bucket-count=8"
    "memorysetup-profiler-bucket-allocator-block-size=33554432"
    "memorysetup-profiler-bucket-allocator-block-count=8"
    "memorysetup-profiler-allocator-block-size=16777216"
    "memorysetup-profiler-editor-allocator-block-size=1048576"
    "memorysetup-temp-allocator-size-main=16777216"
    "memorysetup-job-temp-allocator-block-size=2097152"
    "memorysetup-job-temp-allocator-block-size-background=1048576"
    "memorysetup-job-temp-allocator-reduction-small-platforms=262144"
    "memorysetup-temp-allocator-size-background-worker=32768"
    "memorysetup-temp-allocator-size-job-worker=262144"
    "memorysetup-temp-allocator-size-preload-manager=33554432"
    "memorysetup-temp-allocator-size-nav-mesh-worker=65536"
    "memorysetup-temp-allocator-size-audio-worker=65536"
    "memorysetup-temp-allocator-size-cloud-worker=32768"
    "memorysetup-temp-allocator-size-gi-baking-worker=262144"
    "memorysetup-temp-allocator-size-gfx=262144"
Player connection [22452] Host "[IP] 192.168.1.24 [Port] 0 [Flags] 2 [Guid] 2338659312 [EditorId] 2338659312 [Version] 1048832 [Id] WindowsEditor(7,DESKTOP-MDB38EJ) [Debug] 1 [PackageName] WindowsEditor [ProjectName] Editor" joined multi-casting on [225.0.0.222:54997]...

Player connection [22452] Host "[IP] 192.168.1.24 [Port] 0 [Flags] 2 [Guid] 2338659312 [EditorId] 2338659312 [Version] 1048832 [Id] WindowsEditor(7,DESKTOP-MDB38EJ) [Debug] 1 [PackageName] WindowsEditor [ProjectName] Editor" joined alternative multi-casting on [225.0.0.222:34997]...

mdb reader table full -> cleaning up stale readers. Current readers:
    pid     thread     txnid
      6724 4d4c -
      6724 4470 -
      6724 21a4 -
      6724 4a0 -
     22340 55c4 432
     21892 50a4 433
     23360 5b44 -
     23424 5b2c -
     16252 52c8 -
     23396 5b68 -
     12996 2e28 -
     11028 3578 -
     21916 2a90 -
     23516 46cc -
     19440 5830 -
      8936 2528 -
     21256 34b0 -
     13632 38a4 -
     22676 58fc -
      9848 5748 -
     20928 56f4 -
     23264 32c -
     23104 54a0 -
      8820 2c38 -
     21272 5594 -
     22980 5484 -
     20888 5210 -
     10360 8d8 -
     19392 58f8 -
     13460 a44 -
     22348 51dc -
     10788 549c -
     21072 acc -
     22412 538 -
      7324 54c0 -
      9344 3954 -
     20716 30fc -
     21024 1828 -
     23348 1104 -
      8860 588c -
     10968 5a1c -
     22064 51a4 -
      9808 3284 -
      5484 2d40 -
     21260 1234 -
     20416 2e84 -
     14024 400c -
     21648 5534 -
     16072 59b8 -
     21548 5434 -
     11956 591c -
     21652 5278 -
     21284 5218 -
     21468 525c -
     21976 31c0 -
      5624 50ac -
     22652 4ec -
     22860 510c -
     18676 51c -
     12724 3a04 -
     22148 5e0c -
     11192 5e80 -
     20796 5bf4 -
      2784 5518 -
     10776 3064 -
     21864 5ae8 -
     15632 5b1c -
     12184 514c -
     24244 5ec0 -
     14940 704 -
     23664 5c74 -
     23352 55b4 -
     19860 5cfc -
     23632 5c08 -
     21224 4dd0 -
     15664 5f1c 521
     11096 527c -
     21080 59f4 -
     20732 5928 -
     16888 59cc -
     22264 3f18 -
      1432 5994 -
      5064 52ac -
      2284 5e7c -
     23544 443c -
      3524 3c20 -
     23852 5d30 -
     21296 177c -
     13564 593c -
     16332 45ec -
      2416 5fac -
     18264 5fb4 -
     21036 34b8 -
     21208 54e8 -
      7920 515c -
     24424 5eb8 -
     21384 5d7c -
       336 5adc -
     20624 5ffc -
      8088 4c0 -
      5020 2028 -
     22152 4324 -
     23652 3f3c -
     24228 5bfc -
     23640 54d4 -
     11620 2c8c -
     11640 5ba4 -
      9164 1e70 -
     20904 5900 -
     13796 4e94 -
     22808 5be0 -
     24004 5c5c -
      2460 1720 -
      3128 5720 -
     21440 5c44 -
     20708 5e48 -
     24400 5e04 -
     22156 4d50 -
     24316 3184 -
      6256 5d70 -
     22212 56c8 -
     21160 58a4 -
     20352 2494 -
     23824 1664 -
      6380 531c -
     14600 5e84 567
Cleaned out 112 stale readers
Refreshing native plugins compatible for Editor in 367.85 ms, found 3 plugins.
Preloading 0 native plugins for Editor in 0.00 ms.
Initialize engine version: 2021.3.22f1 (b6c551784ba3)
[Subsystems] Discovering subsystems at path D:/2021.3.22f1/Editor/Data/Resources/UnitySubsystems
[Subsystems] Discovering subsystems at path D:/HELLOI/Game-Project/CSAGAMEOG/Assets
GfxDevice: creating device client; threaded=0; jobified=0
Direct3D:
    Version:  Direct3D 11.0 [level 11.1]
    Renderer: NVIDIA GeForce GTX 1050 Ti (ID=0x1c82)
    Vendor:   NVIDIA
    VRAM:     4019 MB
    Driver:   31.0.15.1694
Initialize mono
Mono path[0] = 'D:/2021.3.22f1/Editor/Data/Managed'
Mono path[1] = 'D:/2021.3.22f1/Editor/Data/MonoBleedingEdge/lib/mono/unityjit-win32'
Mono config path = 'D:/2021.3.22f1/Editor/Data/MonoBleedingEdge/etc'
Using monoOptions --debugger-agent=transport=dt_socket,embedding=1,server=y,suspend=n,address=127.0.0.1:56644
Begin MonoManager ReloadAssembly
Registering precompiled unity dll's ...
Register platform support module: D:/2021.3.22f1/Editor/Data/PlaybackEngines/WindowsStandaloneSupport/UnityEditor.WindowsStandalone.Extensions.dll
Registered in 0.011662 seconds.
Native extension for WindowsStandalone target not found
Refreshing native plugins compatible for Editor in 527.31 ms, found 3 plugins.
Preloading 0 native plugins for Editor in 0.00 ms.
Mono: successfully reloaded assembly
- Completed reload, in  4.531 seconds
Domain Reload Profiling:
	ReloadAssembly (4532ms)
		BeginReloadAssembly (470ms)
			ExecutionOrderSort (0ms)
			DisableScriptedObjects (0ms)
			BackupInstance (0ms)
			ReleaseScriptingObjects (0ms)
			CreateAndSetChildDomain (1ms)
		EndReloadAssembly (3370ms)
			LoadAssemblies (442ms)
			RebuildTransferFunctionScriptingTraits (0ms)
			SetupTypeCache (803ms)
			ReleaseScriptCaches (0ms)
			RebuildScriptCaches (201ms)
			SetupLoadedEditorAssemblies (1911ms)
				LogAssemblyErrors (0ms)
				InitializePlatformSupportModulesInManaged (17ms)
				SetLoadedEditorAssemblies (1ms)
				RefreshPlugins (527ms)
				BeforeProcessingInitializeOnLoad (2ms)
				ProcessInitializeOnLoadAttributes (915ms)
				ProcessInitializeOnLoadMethodAttributes (449ms)
				AfterProcessingInitializeOnLoad (0ms)
				EditorAssembliesLoaded (0ms)
			ExecutionOrderSort2 (0ms)
			AwakeInstancesAfterBackupRestoration (0ms)
Platform modules already initialized, skipping
Registering precompiled user dll's ...
Registered in 0.042303 seconds.
